Using pre-set license
Built from '2021.3/staging' branch; Version is '2021.3.6f1 (7da38d85baf6) revision 8233869'; Using compiler version '192829333'; Build Type 'Release'
OS: 'Windows 10  (10.0.19044) 64bit Core' Language: 'es' Physical Memory: 32677 MB
BatchMode: 1, IsHumanControllingUs: 0, StartBugReporterOnCrash: 0, Is64bit: 1, IsPro: 1

COMMAND LINE ARGUMENTS:
C:\Program Files\Unity\Hub\Editor\2021.3.6f1\Editor\Unity.exe
-adb2
-batchMode
-noUpm
-name
AssetImportWorker0
-projectPath
E:/Documentos/GitHub/Super-Mario-2D
-logFile
Logs/AssetImportWorker0.log
-srvPort
50330
Successfully changed project path to: E:/Documentos/GitHub/Super-Mario-2D
E:/Documentos/GitHub/Super-Mario-2D
[UnityMemory] Configuration Parameters - Can be set up in boot.config
    "memorysetup-bucket-allocator-granularity=16"
    "memorysetup-bucket-allocator-bucket-count=8"
    "memorysetup-bucket-allocator-block-size=33554432"
    "memorysetup-bucket-allocator-block-count=8"
    "memorysetup-main-allocator-block-size=16777216"
    "memorysetup-thread-allocator-block-size=16777216"
    "memorysetup-gfx-main-allocator-block-size=16777216"
    "memorysetup-gfx-thread-allocator-block-size=16777216"
    "memorysetup-cache-allocator-block-size=4194304"
    "memorysetup-typetree-allocator-block-size=2097152"
    "memorysetup-profiler-bucket-allocator-granularity=16"
    "memorysetup-profiler-bucket-allocator-bucket-count=8"
    "memorysetup-profiler-bucket-allocator-block-size=33554432"
    "memorysetup-profiler-bucket-allocator-block-count=8"
    "memorysetup-profiler-allocator-block-size=16777216"
    "memorysetup-profiler-editor-allocator-block-size=1048576"
    "memorysetup-temp-allocator-size-main=16777216"
    "memorysetup-job-temp-allocator-block-size=2097152"
    "memorysetup-job-temp-allocator-block-size-background=1048576"
    "memorysetup-job-temp-allocator-reduction-small-platforms=262144"
    "memorysetup-temp-allocator-size-background-worker=32768"
    "memorysetup-temp-allocator-size-job-worker=262144"
    "memorysetup-temp-allocator-size-preload-manager=33554432"
    "memorysetup-temp-allocator-size-nav-mesh-worker=65536"
    "memorysetup-temp-allocator-size-audio-worker=65536"
    "memorysetup-temp-allocator-size-cloud-worker=32768"
    "memorysetup-temp-allocator-size-gi-baking-worker=262144"
    "memorysetup-temp-allocator-size-gfx=262144"
Refreshing native plugins compatible for Editor in 72.19 ms, found 4 plugins.
Preloading 0 native plugins for Editor in 0.00 ms.
Initialize engine version: 2021.3.6f1 (7da38d85baf6)
[Subsystems] Discovering subsystems at path C:/Program Files/Unity/Hub/Editor/2021.3.6f1/Editor/Data/Resources/UnitySubsystems
[Subsystems] Discovering subsystems at path E:/Documentos/GitHub/Super-Mario-2D/Assets
GfxDevice: creating device client; threaded=0; jobified=0
Direct3D:
    Version:  Direct3D 11.0 [level 11.1]
    Renderer: NVIDIA GeForce RTX 3090 (ID=0x2204)
    Vendor:   NVIDIA
    VRAM:     24340 MB
    Driver:   31.0.15.2756
Initialize mono
Mono path[0] = 'C:/Program Files/Unity/Hub/Editor/2021.3.6f1/Editor/Data/Managed'
Mono path[1] = 'C:/Program Files/Unity/Hub/Editor/2021.3.6f1/Editor/Data/MonoBleedingEdge/lib/mono/unityjit-win32'
Mono config path = 'C:/Program Files/Unity/Hub/Editor/2021.3.6f1/Editor/Data/MonoBleedingEdge/etc'
Using monoOptions --debugger-agent=transport=dt_socket,embedding=1,server=y,suspend=n,address=127.0.0.1:56756
Begin MonoManager ReloadAssembly
Registering precompiled unity dll's ...
Register platform support module: C:/Program Files/Unity/Hub/Editor/2021.3.6f1/Editor/Data/PlaybackEngines/WindowsStandaloneSupport/UnityEditor.WindowsStandalone.Extensions.dll
Registered in 0.007548 seconds.
Native extension for WindowsStandalone target not found
Refreshing native plugins compatible for Editor in 70.03 ms, found 4 plugins.
Preloading 0 native plugins for Editor in 0.00 ms.
Mono: successfully reloaded assembly
- Completed reload, in  0.499 seconds
Domain Reload Profiling:
	ReloadAssembly (499ms)
		BeginReloadAssembly (65ms)
			ExecutionOrderSort (0ms)
			DisableScriptedObjects (0ms)
			BackupInstance (0ms)
			ReleaseScriptingObjects (0ms)
			CreateAndSetChildDomain (1ms)
		EndReloadAssembly (345ms)
			LoadAssemblies (62ms)
			RebuildTransferFunctionScriptingTraits (0ms)
			SetupTypeCache (67ms)
			ReleaseScriptCaches (0ms)
			RebuildScriptCaches (19ms)
			SetupLoadedEditorAssemblies (219ms)
				LogAssemblyErrors (0ms)
				InitializePlatformSupportModulesInManaged (7ms)
				SetLoadedEditorAssemblies (0ms)
				RefreshPlugins (70ms)
				BeforeProcessingInitializeOnLoad (1ms)
				ProcessInitializeOnLoadAttributes (108ms)
				ProcessInitializeOnLoadMethodAttributes (33ms)
				AfterProcessingInitializeOnLoad (0ms)
				EditorAssembliesLoaded (0ms)
			ExecutionOrderSort2 (0ms)
			AwakeInstancesAfterBackupRestoration (0ms)
Platform modules already initialized, skipping
Registering precompiled user dll's ...
Registered in 0.006236 seconds.
Begin MonoManager ReloadAssembly
Symbol file LoadedFromMemory doesn't match image E:\Documentos\GitHub\Super-Mario-2D\Library\PackageCache\com.unity.visualscripting@1.7.8\Editor\VisualScripting.Core\Dependencies\YamlDotNet\Unity.VisualScripting.YamlDotNet.dll
Symbol file LoadedFromMemory doesn't match image E:\Documentos\GitHub\Super-Mario-2D\Library\PackageCache\com.unity.visualscripting@1.7.8\Editor\VisualScripting.Core\Dependencies\DotNetZip\Unity.VisualScripting.IonicZip.dll
Native extension for WindowsStandalone target not found
Refreshing native plugins compatible for Editor in 66.82 ms, found 4 plugins.
Preloading 0 native plugins for Editor in 0.00 ms.
Mono: successfully reloaded assembly
- Completed reload, in  0.876 seconds
Domain Reload Profiling:
	ReloadAssembly (877ms)
		BeginReloadAssembly (99ms)
			ExecutionOrderSort (0ms)
			DisableScriptedObjects (5ms)
			BackupInstance (0ms)
			ReleaseScriptingObjects (0ms)
			CreateAndSetChildDomain (19ms)
		EndReloadAssembly (685ms)
			LoadAssemblies (80ms)
			RebuildTransferFunctionScriptingTraits (0ms)
			SetupTypeCache (165ms)
			ReleaseScriptCaches (1ms)
			RebuildScriptCaches (40ms)
			SetupLoadedEditorAssemblies (376ms)
				LogAssemblyErrors (0ms)
				InitializePlatformSupportModulesInManaged (4ms)
				SetLoadedEditorAssemblies (0ms)
				RefreshPlugins (67ms)
				BeforeProcessingInitializeOnLoad (88ms)
				ProcessInitializeOnLoadAttributes (173ms)
				ProcessInitializeOnLoadMethodAttributes (34ms)
				AfterProcessingInitializeOnLoad (10ms)
				EditorAssembliesLoaded (0ms)
			ExecutionOrderSort2 (0ms)
			AwakeInstancesAfterBackupRestoration (5ms)
Platform modules already initialized, skipping
========================================================================
Worker process is ready to serve import requests
Launched and connected shader compiler UnityShaderCompiler.exe after 0.04 seconds
Refreshing native plugins compatible for Editor in 0.82 ms, found 4 plugins.
Preloading 0 native plugins for Editor in 0.00 ms.
Unloading 4064 Unused Serialized files (Serialized files now loaded: 0)
Unloading 38 unused Assets / (55.3 KB). Loaded Objects now: 4520.
Memory consumption went from 151.1 MB to 151.0 MB.
Total: 3.216400 ms (FindLiveObjects: 0.298600 ms CreateObjectMapping: 0.104600 ms MarkObjects: 2.747800 ms  DeleteObjects: 0.064400 ms)

AssetImportParameters requested are different than current active one (requested -> active):
  custom:video-decoder-ogg-theora: a1e56fd34408186e4bbccfd4996cb3dc -> 
  custom:container-muxer-webm: aa71ff27fc2769a1b78a27578f13a17b -> 
  custom:container-demuxer-webm: 4f35f7cbe854078d1ac9338744f61a02 -> 
  custom:video-encoder-webm-vp8: eb34c28f22e8b96e1ab97ce403110664 -> 
  custom:audio-encoder-webm-vorbis: bf7c407c2cedff20999df2af8eb42d56 -> 
  custom:framework-win-MediaFoundation: 216162199b28c13a410421893ffa2e32 -> 
  custom:container-demuxer-ogg: 62fdf1f143b41e24485cea50d1cbac27 -> 
  custom:video-decoder-webm-vp8: 9c59270c3fd7afecdb556c50c9e8de78 -> 
  custom:audio-decoder-ogg-vorbis: bf7c407c2cedff20999df2af8eb42d56 -> 
========================================================================
Received Import Request.
  Time since last request: 320.201230 seconds.
  path: Assets/Scenes/World_1-1_SMB.png
  artifactKey: Guid(18ef3da989df96345ab3f82f368bf0f2) Importer(815301076,1909f56bfc062723c751e8b465ee728b)
Start importing Assets/Scenes/World_1-1_SMB.png using Guid(18ef3da989df96345ab3f82f368bf0f2) Importer(815301076,1909f56bfc062723c751e8b465ee728b)  -> (artifact id: '67f8141195543671e57e1f4f720bb2fa') in 0.136151 seconds 
========================================================================
Received Import Request.
  Time since last request: 0.000022 seconds.
  path: Assets/Scenes/Nivel 1.unity
  artifactKey: Guid(2cda990e2423bbf4892e6590ba056729) Importer(815301076,1909f56bfc062723c751e8b465ee728b)
Start importing Assets/Scenes/Nivel 1.unity using Guid(2cda990e2423bbf4892e6590ba056729) Importer(815301076,1909f56bfc062723c751e8b465ee728b)  -> (artifact id: '9d56346d2428e1ea9caffc2810eca0b8') in 0.001207 seconds 
========================================================================
Received Import Request.
  Time since last request: 3.564182 seconds.
  path: Assets/Sprites/Banderas.png
  artifactKey: Guid(0ec5ce3fd44b007448748eaa04eaf461) Importer(815301076,1909f56bfc062723c751e8b465ee728b)
Start importing Assets/Sprites/Banderas.png using Guid(0ec5ce3fd44b007448748eaa04eaf461) Importer(815301076,1909f56bfc062723c751e8b465ee728b)  -> (artifact id: 'f807bf8f6b74db026ecdc08246c2c922') in 0.016737 seconds 
========================================================================
Received Import Request.
  Time since last request: 0.000015 seconds.
  path: Assets/Sprites/Castillo.png
  artifactKey: Guid(0ab2b3e9eb9c2544fb971ab4b6a30ba5) Importer(815301076,1909f56bfc062723c751e8b465ee728b)
Start importing Assets/Sprites/Castillo.png using Guid(0ab2b3e9eb9c2544fb971ab4b6a30ba5) Importer(815301076,1909f56bfc062723c751e8b465ee728b)  -> (artifact id: '0ce4bf72fbe3b3db66d6dfff89620491') in 0.010380 seconds 
========================================================================
Received Import Request.
  Time since last request: 0.000011 seconds.
  path: Assets/Sprites/Mario.png
  artifactKey: Guid(656a6fdd186de6e47b573ec15ecd382a) Importer(815301076,1909f56bfc062723c751e8b465ee728b)
Start importing Assets/Sprites/Mario.png using Guid(656a6fdd186de6e47b573ec15ecd382a) Importer(815301076,1909f56bfc062723c751e8b465ee728b)  -> (artifact id: '809882313998a159f02de697ceb02775') in 0.041529 seconds 
========================================================================
Received Import Request.
  Time since last request: 0.000014 seconds.
  path: Assets/Sprites/Nuves.png
  artifactKey: Guid(cadc94add57b3854dbd77861353931f3) Importer(815301076,1909f56bfc062723c751e8b465ee728b)
Start importing Assets/Sprites/Nuves.png using Guid(cadc94add57b3854dbd77861353931f3) Importer(815301076,1909f56bfc062723c751e8b465ee728b)  -> (artifact id: '6498d43f947eff0fec73d725516ddd36') in 0.012116 seconds 
========================================================================
Received Import Request.
  Time since last request: 0.000015 seconds.
  path: Assets/Sprites/Coins2.png
  artifactKey: Guid(a02b6fc30f94aca41ba278023b10174c) Importer(815301076,1909f56bfc062723c751e8b465ee728b)
Start importing Assets/Sprites/Coins2.png using Guid(a02b6fc30f94aca41ba278023b10174c) Importer(815301076,1909f56bfc062723c751e8b465ee728b)  -> (artifact id: '7ffd7458ae6ce88c59d09c63f9312ec9') in 0.008664 seconds 
========================================================================
Received Import Request.
  Time since last request: 0.000009 seconds.
  path: Assets/Sprites/Tuberias.png
  artifactKey: Guid(95144350b694e1d4796d5158054a4eb6) Importer(815301076,1909f56bfc062723c751e8b465ee728b)
Start importing Assets/Sprites/Tuberias.png using Guid(95144350b694e1d4796d5158054a4eb6) Importer(815301076,1909f56bfc062723c751e8b465ee728b)  -> (artifact id: '52273d5f0febe50a44d62e31cf4c0d47') in 0.014968 seconds 
========================================================================
Received Import Request.
  Time since last request: 0.000013 seconds.
  path: Assets/Sprites/Hierbas.png
  artifactKey: Guid(b2b0a48587c3fcd488a25ebdc6529944) Importer(815301076,1909f56bfc062723c751e8b465ee728b)
Start importing Assets/Sprites/Hierbas.png using Guid(b2b0a48587c3fcd488a25ebdc6529944) Importer(815301076,1909f56bfc062723c751e8b465ee728b)  -> (artifact id: '588021c426b49ab0bdb6f51f90e4ff6b') in 0.012317 seconds 
========================================================================
Received Import Request.
  Time since last request: 0.000019 seconds.
  path: Assets/Sprites/Goombas.png
  artifactKey: Guid(b422aaa9b4575ee44a1ef546920194a1) Importer(815301076,1909f56bfc062723c751e8b465ee728b)
Start importing Assets/Sprites/Goombas.png using Guid(b422aaa9b4575ee44a1ef546920194a1) Importer(815301076,1909f56bfc062723c751e8b465ee728b)  -> (artifact id: '678f03dd3953f216b5c1f744d25587be') in 0.011144 seconds 
========================================================================
Received Import Request.
  Time since last request: 0.000010 seconds.
  path: Assets/Sprites/Ladrillos.png
  artifactKey: Guid(19a8922cb5b584749a6160b41a4f6c1e) Importer(815301076,1909f56bfc062723c751e8b465ee728b)
Start importing Assets/Sprites/Ladrillos.png using Guid(19a8922cb5b584749a6160b41a4f6c1e) Importer(815301076,1909f56bfc062723c751e8b465ee728b)  -> (artifact id: '1e79dfeb06a3ca79969d56c346c5be30') in 0.030966 seconds 
========================================================================
Received Import Request.
  Time since last request: 0.000015 seconds.
  path: Assets/Sprites/Super_Mario_Bros._Logo.png
  artifactKey: Guid(06bb8c93eaf941f48952fdf153194101) Importer(815301076,1909f56bfc062723c751e8b465ee728b)
Start importing Assets/Sprites/Super_Mario_Bros._Logo.png using Guid(06bb8c93eaf941f48952fdf153194101) Importer(815301076,1909f56bfc062723c751e8b465ee728b)  -> (artifact id: '37fc2c5c1249b6ded36a72a188636e07') in 0.032695 seconds 
========================================================================
Received Import Request.
  Time since last request: 0.000015 seconds.
  path: Assets/Sprites/Cajas.png
  artifactKey: Guid(a60c9d6fe477b9b4abf3ba732b460996) Importer(815301076,1909f56bfc062723c751e8b465ee728b)
Start importing Assets/Sprites/Cajas.png using Guid(a60c9d6fe477b9b4abf3ba732b460996) Importer(815301076,1909f56bfc062723c751e8b465ee728b)  -> (artifact id: '1f51f3786c9b5b6231c2e0725644e87a') in 0.015690 seconds 
========================================================================
Received Import Request.
  Time since last request: 0.000016 seconds.
  path: Assets/Sprites/Coins1.png
  artifactKey: Guid(555325483b0ef3b4aa91ea228f9cdf1f) Importer(815301076,1909f56bfc062723c751e8b465ee728b)
Start importing Assets/Sprites/Coins1.png using Guid(555325483b0ef3b4aa91ea228f9cdf1f) Importer(815301076,1909f56bfc062723c751e8b465ee728b)  -> (artifact id: '8aad803a58e682a8831bc91471e2d4b5') in 0.013835 seconds 
========================================================================
Received Import Request.
  Time since last request: 0.000011 seconds.
  path: Assets/Sprites/Montanas.png
  artifactKey: Guid(71cad40375f37f849aa8f0bc6306fa42) Importer(815301076,1909f56bfc062723c751e8b465ee728b)
Start importing Assets/Sprites/Montanas.png using Guid(71cad40375f37f849aa8f0bc6306fa42) Importer(815301076,1909f56bfc062723c751e8b465ee728b)  -> (artifact id: '33dc17d6a6b2d00f19407748c599f052') in 0.010863 seconds 
========================================================================
Received Import Request.
  Time since last request: 3.772847 seconds.
  path: Assets/Scrips/Coin.cs
  artifactKey: Guid(259c1b45f83e1e64994a612f1df2e152) Importer(815301076,1909f56bfc062723c751e8b465ee728b)
Start importing Assets/Scrips/Coin.cs using Guid(259c1b45f83e1e64994a612f1df2e152) Importer(815301076,1909f56bfc062723c751e8b465ee728b)  -> (artifact id: '8ee367cc108b36a15f16e4a6736d04cb') in 0.006935 seconds 
========================================================================
Received Import Request.
  Time since last request: 3.091665 seconds.
  path: Assets/Scrips/Camara.cs
  artifactKey: Guid(16f6eaef9be12d54b923d336ac3ee9c1) Importer(815301076,1909f56bfc062723c751e8b465ee728b)
Start importing Assets/Scrips/Camara.cs using Guid(16f6eaef9be12d54b923d336ac3ee9c1) Importer(815301076,1909f56bfc062723c751e8b465ee728b)  -> (artifact id: '1a3e2ac9776b99f1d58f59c4a887e168') in 0.001328 seconds 
========================================================================
Received Import Request.
  Time since last request: 0.592550 seconds.
  path: Assets/Scrips/Enemy.cs
  artifactKey: Guid(d129908b237f43947a12f0a3a606c290) Importer(815301076,1909f56bfc062723c751e8b465ee728b)
Start importing Assets/Scrips/Enemy.cs using Guid(d129908b237f43947a12f0a3a606c290) Importer(815301076,1909f56bfc062723c751e8b465ee728b)  -> (artifact id: 'dd5fa8e96a7b006163323c248590b5b6') in 0.001363 seconds 
========================================================================
Received Import Request.
  Time since last request: 0.491851 seconds.
  path: Assets/Scrips/GroundSensor.cs
  artifactKey: Guid(1ca0efeedc58ce74d817ebf8d3e3805c) Importer(815301076,1909f56bfc062723c751e8b465ee728b)
Start importing Assets/Scrips/GroundSensor.cs using Guid(1ca0efeedc58ce74d817ebf8d3e3805c) Importer(815301076,1909f56bfc062723c751e8b465ee728b)  -> (artifact id: 'afe5da2f8f23c2d0abe861a7fa877648') in 0.001511 seconds 
========================================================================
Received Import Request.
  Time since last request: 0.486397 seconds.
  path: Assets/Scrips/PlayerController.cs
  artifactKey: Guid(e86b9a8a02bf7b549917908c4611614a) Importer(815301076,1909f56bfc062723c751e8b465ee728b)
Start importing Assets/Scrips/PlayerController.cs using Guid(e86b9a8a02bf7b549917908c4611614a) Importer(815301076,1909f56bfc062723c751e8b465ee728b)  -> (artifact id: '7509bd42e1507c4af04bea83b315b262') in 0.001427 seconds 
========================================================================
Received Import Request.
  Time since last request: 0.517867 seconds.
  path: Assets/Scrips/SFXManager.cs
  artifactKey: Guid(f35fa4374c137f343b14d311514ed34e) Importer(815301076,1909f56bfc062723c751e8b465ee728b)
Start importing Assets/Scrips/SFXManager.cs using Guid(f35fa4374c137f343b14d311514ed34e) Importer(815301076,1909f56bfc062723c751e8b465ee728b)  -> (artifact id: '8b16723ae24e3fec8ab8a8846f4bce7c') in 0.001324 seconds 
========================================================================
Received Import Request.
  Time since last request: 0.666737 seconds.
  path: Assets/Scrips/SoundManager.cs
  artifactKey: Guid(87dc9a35bf0dac745be9676bfcfedd74) Importer(815301076,1909f56bfc062723c751e8b465ee728b)
Start importing Assets/Scrips/SoundManager.cs using Guid(87dc9a35bf0dac745be9676bfcfedd74) Importer(815301076,1909f56bfc062723c751e8b465ee728b)  -> (artifact id: '02822f6f6d002eeaab74d99f553180ca') in 0.001334 seconds 
========================================================================
Received Prepare
Registering precompiled user dll's ...
Registered in 0.006156 seconds.
Begin MonoManager ReloadAssembly
Symbol file LoadedFromMemory doesn't match image E:\Documentos\GitHub\Super-Mario-2D\Library\PackageCache\com.unity.visualscripting@1.7.8\Editor\VisualScripting.Core\Dependencies\YamlDotNet\Unity.VisualScripting.YamlDotNet.dll
Symbol file LoadedFromMemory doesn't match image E:\Documentos\GitHub\Super-Mario-2D\Library\PackageCache\com.unity.visualscripting@1.7.8\Editor\VisualScripting.Core\Dependencies\DotNetZip\Unity.VisualScripting.IonicZip.dll
Native extension for WindowsStandalone target not found
Refreshing native plugins compatible for Editor in 0.82 ms, found 4 plugins.
Preloading 0 native plugins for Editor in 0.00 ms.
Mono: successfully reloaded assembly
- Completed reload, in  0.867 seconds
Domain Reload Profiling:
	ReloadAssembly (868ms)
		BeginReloadAssembly (133ms)
			ExecutionOrderSort (0ms)
			DisableScriptedObjects (6ms)
			BackupInstance (0ms)
			ReleaseScriptingObjects (0ms)
			CreateAndSetChildDomain (41ms)
		EndReloadAssembly (643ms)
			LoadAssemblies (86ms)
			RebuildTransferFunctionScriptingTraits (0ms)
			SetupTypeCache (188ms)
			ReleaseScriptCaches (2ms)
			RebuildScriptCaches (34ms)
			SetupLoadedEditorAssemblies (304ms)
				LogAssemblyErrors (0ms)
				InitializePlatformSupportModulesInManaged (11ms)
				SetLoadedEditorAssemblies (0ms)
				RefreshPlugins (1ms)
				BeforeProcessingInitializeOnLoad (69ms)
				ProcessInitializeOnLoadAttributes (176ms)
				ProcessInitializeOnLoadMethodAttributes (33ms)
				AfterProcessingInitializeOnLoad (12ms)
				EditorAssembliesLoaded (0ms)
			ExecutionOrderSort2 (0ms)
			AwakeInstancesAfterBackupRestoration (9ms)
Platform modules already initialized, skipping
Refreshing native plugins compatible for Editor in 1.82 ms, found 4 plugins.
Preloading 0 native plugins for Editor in 0.00 ms.
Unloading 4053 Unused Serialized files (Serialized files now loaded: 0)
Unloading 25 unused Assets / (24.6 KB). Loaded Objects now: 4606.
Memory consumption went from 154.9 MB to 154.9 MB.
Total: 3.381700 ms (FindLiveObjects: 0.315400 ms CreateObjectMapping: 0.203900 ms MarkObjects: 2.842000 ms  DeleteObjects: 0.019300 ms)

AssetImportParameters requested are different than current active one (requested -> active):
  custom:video-decoder-ogg-theora: a1e56fd34408186e4bbccfd4996cb3dc -> 
  custom:container-muxer-webm: aa71ff27fc2769a1b78a27578f13a17b -> 
  custom:container-demuxer-webm: 4f35f7cbe854078d1ac9338744f61a02 -> 
  custom:video-encoder-webm-vp8: eb34c28f22e8b96e1ab97ce403110664 -> 
  custom:audio-encoder-webm-vorbis: bf7c407c2cedff20999df2af8eb42d56 -> 
  custom:framework-win-MediaFoundation: 216162199b28c13a410421893ffa2e32 -> 
  custom:container-demuxer-ogg: 62fdf1f143b41e24485cea50d1cbac27 -> 
  custom:video-decoder-webm-vp8: 9c59270c3fd7afecdb556c50c9e8de78 -> 
  custom:audio-decoder-ogg-vorbis: bf7c407c2cedff20999df2af8eb42d56 -> 
========================================================================
Received Prepare
Registering precompiled user dll's ...
Registered in 0.006052 seconds.
Begin MonoManager ReloadAssembly
Symbol file LoadedFromMemory doesn't match image E:\Documentos\GitHub\Super-Mario-2D\Library\PackageCache\com.unity.visualscripting@1.7.8\Editor\VisualScripting.Core\Dependencies\YamlDotNet\Unity.VisualScripting.YamlDotNet.dll
Symbol file LoadedFromMemory doesn't match image E:\Documentos\GitHub\Super-Mario-2D\Library\PackageCache\com.unity.visualscripting@1.7.8\Editor\VisualScripting.Core\Dependencies\DotNetZip\Unity.VisualScripting.IonicZip.dll
Native extension for WindowsStandalone target not found
Refreshing native plugins compatible for Editor in 0.81 ms, found 4 plugins.
Preloading 0 native plugins for Editor in 0.00 ms.
Mono: successfully reloaded assembly
- Completed reload, in  0.785 seconds
Domain Reload Profiling:
	ReloadAssembly (785ms)
		BeginReloadAssembly (122ms)
			ExecutionOrderSort (0ms)
			DisableScriptedObjects (6ms)
			BackupInstance (0ms)
			ReleaseScriptingObjects (0ms)
			CreateAndSetChildDomain (35ms)
		EndReloadAssembly (581ms)
			LoadAssemblies (83ms)
			RebuildTransferFunctionScriptingTraits (0ms)
			SetupTypeCache (169ms)
			ReleaseScriptCaches (1ms)
			RebuildScriptCaches (31ms)
			SetupLoadedEditorAssemblies (273ms)
				LogAssemblyErrors (0ms)
				InitializePlatformSupportModulesInManaged (11ms)
				SetLoadedEditorAssemblies (0ms)
				RefreshPlugins (1ms)
				BeforeProcessingInitializeOnLoad (60ms)
				ProcessInitializeOnLoadAttributes (158ms)
				ProcessInitializeOnLoadMethodAttributes (32ms)
				AfterProcessingInitializeOnLoad (11ms)
				EditorAssembliesLoaded (0ms)
			ExecutionOrderSort2 (0ms)
			AwakeInstancesAfterBackupRestoration (8ms)
Platform modules already initialized, skipping
Refreshing native plugins compatible for Editor in 1.93 ms, found 4 plugins.
Preloading 0 native plugins for Editor in 0.00 ms.
Unloading 4053 Unused Serialized files (Serialized files now loaded: 0)
Unloading 25 unused Assets / (25.6 KB). Loaded Objects now: 4609.
Memory consumption went from 155.0 MB to 154.9 MB.
Total: 3.080600 ms (FindLiveObjects: 0.261900 ms CreateObjectMapping: 0.132500 ms MarkObjects: 2.661100 ms  DeleteObjects: 0.024500 ms)

AssetImportParameters requested are different than current active one (requested -> active):
  custom:video-decoder-ogg-theora: a1e56fd34408186e4bbccfd4996cb3dc -> 
  custom:container-muxer-webm: aa71ff27fc2769a1b78a27578f13a17b -> 
  custom:container-demuxer-webm: 4f35f7cbe854078d1ac9338744f61a02 -> 
  custom:video-encoder-webm-vp8: eb34c28f22e8b96e1ab97ce403110664 -> 
  custom:audio-encoder-webm-vorbis: bf7c407c2cedff20999df2af8eb42d56 -> 
  custom:framework-win-MediaFoundation: 216162199b28c13a410421893ffa2e32 -> 
  custom:container-demuxer-ogg: 62fdf1f143b41e24485cea50d1cbac27 -> 
  custom:video-decoder-webm-vp8: 9c59270c3fd7afecdb556c50c9e8de78 -> 
  custom:audio-decoder-ogg-vorbis: bf7c407c2cedff20999df2af8eb42d56 -> 
========================================================================
Received Prepare
Registering precompiled user dll's ...
Registered in 0.006006 seconds.
Begin MonoManager ReloadAssembly
Symbol file LoadedFromMemory doesn't match image E:\Documentos\GitHub\Super-Mario-2D\Library\PackageCache\com.unity.visualscripting@1.7.8\Editor\VisualScripting.Core\Dependencies\YamlDotNet\Unity.VisualScripting.YamlDotNet.dll
Symbol file LoadedFromMemory doesn't match image E:\Documentos\GitHub\Super-Mario-2D\Library\PackageCache\com.unity.visualscripting@1.7.8\Editor\VisualScripting.Core\Dependencies\DotNetZip\Unity.VisualScripting.IonicZip.dll
Native extension for WindowsStandalone target not found
Refreshing native plugins compatible for Editor in 0.82 ms, found 4 plugins.
Preloading 0 native plugins for Editor in 0.00 ms.
Mono: successfully reloaded assembly
- Completed reload, in  0.795 seconds
Domain Reload Profiling:
	ReloadAssembly (796ms)
		BeginReloadAssembly (126ms)
			ExecutionOrderSort (0ms)
			DisableScriptedObjects (6ms)
			BackupInstance (0ms)
			ReleaseScriptingObjects (0ms)
			CreateAndSetChildDomain (34ms)
		EndReloadAssembly (591ms)
			LoadAssemblies (87ms)
			RebuildTransferFunctionScriptingTraits (0ms)
			SetupTypeCache (172ms)
			ReleaseScriptCaches (1ms)
			RebuildScriptCaches (33ms)
			SetupLoadedEditorAssemblies (276ms)
				LogAssemblyErrors (0ms)
				InitializePlatformSupportModulesInManaged (11ms)
				SetLoadedEditorAssemblies (0ms)
				RefreshPlugins (1ms)
				BeforeProcessingInitializeOnLoad (62ms)
				ProcessInitializeOnLoadAttributes (159ms)
				ProcessInitializeOnLoadMethodAttributes (31ms)
				AfterProcessingInitializeOnLoad (11ms)
				EditorAssembliesLoaded (0ms)
			ExecutionOrderSort2 (0ms)
			AwakeInstancesAfterBackupRestoration (8ms)
Platform modules already initialized, skipping
Refreshing native plugins compatible for Editor in 1.82 ms, found 4 plugins.
Preloading 0 native plugins for Editor in 0.00 ms.
Unloading 4053 Unused Serialized files (Serialized files now loaded: 0)
Unloading 25 unused Assets / (25.6 KB). Loaded Objects now: 4612.
Memory consumption went from 155.0 MB to 154.9 MB.
Total: 3.131200 ms (FindLiveObjects: 0.267400 ms CreateObjectMapping: 0.111100 ms MarkObjects: 2.727800 ms  DeleteObjects: 0.024500 ms)

AssetImportParameters requested are different than current active one (requested -> active):
  custom:video-decoder-ogg-theora: a1e56fd34408186e4bbccfd4996cb3dc -> 
  custom:container-muxer-webm: aa71ff27fc2769a1b78a27578f13a17b -> 
  custom:container-demuxer-webm: 4f35f7cbe854078d1ac9338744f61a02 -> 
  custom:video-encoder-webm-vp8: eb34c28f22e8b96e1ab97ce403110664 -> 
  custom:audio-encoder-webm-vorbis: bf7c407c2cedff20999df2af8eb42d56 -> 
  custom:framework-win-MediaFoundation: 216162199b28c13a410421893ffa2e32 -> 
  custom:container-demuxer-ogg: 62fdf1f143b41e24485cea50d1cbac27 -> 
  custom:video-decoder-webm-vp8: 9c59270c3fd7afecdb556c50c9e8de78 -> 
  custom:audio-decoder-ogg-vorbis: bf7c407c2cedff20999df2af8eb42d56 -> 
========================================================================
Received Prepare
Registering precompiled user dll's ...
Registered in 0.006094 seconds.
Begin MonoManager ReloadAssembly
Symbol file LoadedFromMemory doesn't match image E:\Documentos\GitHub\Super-Mario-2D\Library\PackageCache\com.unity.visualscripting@1.7.8\Editor\VisualScripting.Core\Dependencies\YamlDotNet\Unity.VisualScripting.YamlDotNet.dll
Symbol file LoadedFromMemory doesn't match image E:\Documentos\GitHub\Super-Mario-2D\Library\PackageCache\com.unity.visualscripting@1.7.8\Editor\VisualScripting.Core\Dependencies\DotNetZip\Unity.VisualScripting.IonicZip.dll
Native extension for WindowsStandalone target not found
Refreshing native plugins compatible for Editor in 0.78 ms, found 4 plugins.
Preloading 0 native plugins for Editor in 0.00 ms.
Mono: successfully reloaded assembly
- Completed reload, in  0.769 seconds
Domain Reload Profiling:
	ReloadAssembly (770ms)
		BeginReloadAssembly (121ms)
			ExecutionOrderSort (0ms)
			DisableScriptedObjects (6ms)
			BackupInstance (0ms)
			ReleaseScriptingObjects (0ms)
			CreateAndSetChildDomain (35ms)
		EndReloadAssembly (564ms)
			LoadAssemblies (81ms)
			RebuildTransferFunctionScriptingTraits (0ms)
			SetupTypeCache (162ms)
			ReleaseScriptCaches (1ms)
			RebuildScriptCaches (32ms)
			SetupLoadedEditorAssemblies (266ms)
				LogAssemblyErrors (0ms)
				InitializePlatformSupportModulesInManaged (10ms)
				SetLoadedEditorAssemblies (0ms)
				RefreshPlugins (1ms)
				BeforeProcessingInitializeOnLoad (60ms)
				ProcessInitializeOnLoadAttributes (153ms)
				ProcessInitializeOnLoadMethodAttributes (30ms)
				AfterProcessingInitializeOnLoad (11ms)
				EditorAssembliesLoaded (0ms)
			ExecutionOrderSort2 (0ms)
			AwakeInstancesAfterBackupRestoration (7ms)
Platform modules already initialized, skipping
Refreshing native plugins compatible for Editor in 1.75 ms, found 4 plugins.
Preloading 0 native plugins for Editor in 0.00 ms.
Unloading 4053 Unused Serialized files (Serialized files now loaded: 0)
Unloading 25 unused Assets / (24.5 KB). Loaded Objects now: 4615.
Memory consumption went from 155.0 MB to 154.9 MB.
Total: 3.296600 ms (FindLiveObjects: 0.267100 ms CreateObjectMapping: 0.151100 ms MarkObjects: 2.861000 ms  DeleteObjects: 0.016600 ms)

AssetImportParameters requested are different than current active one (requested -> active):
  custom:video-decoder-ogg-theora: a1e56fd34408186e4bbccfd4996cb3dc -> 
  custom:container-muxer-webm: aa71ff27fc2769a1b78a27578f13a17b -> 
  custom:container-demuxer-webm: 4f35f7cbe854078d1ac9338744f61a02 -> 
  custom:video-encoder-webm-vp8: eb34c28f22e8b96e1ab97ce403110664 -> 
  custom:audio-encoder-webm-vorbis: bf7c407c2cedff20999df2af8eb42d56 -> 
  custom:framework-win-MediaFoundation: 216162199b28c13a410421893ffa2e32 -> 
  custom:container-demuxer-ogg: 62fdf1f143b41e24485cea50d1cbac27 -> 
  custom:video-decoder-webm-vp8: 9c59270c3fd7afecdb556c50c9e8de78 -> 
  custom:audio-decoder-ogg-vorbis: bf7c407c2cedff20999df2af8eb42d56 -> 
========================================================================
Received Prepare
Registering precompiled user dll's ...
Registered in 0.006226 seconds.
Begin MonoManager ReloadAssembly
Symbol file LoadedFromMemory doesn't match image E:\Documentos\GitHub\Super-Mario-2D\Library\PackageCache\com.unity.visualscripting@1.7.8\Editor\VisualScripting.Core\Dependencies\YamlDotNet\Unity.VisualScripting.YamlDotNet.dll
Symbol file LoadedFromMemory doesn't match image E:\Documentos\GitHub\Super-Mario-2D\Library\PackageCache\com.unity.visualscripting@1.7.8\Editor\VisualScripting.Core\Dependencies\DotNetZip\Unity.VisualScripting.IonicZip.dll
Native extension for WindowsStandalone target not found
Refreshing native plugins compatible for Editor in 0.80 ms, found 4 plugins.
Preloading 0 native plugins for Editor in 0.00 ms.
Mono: successfully reloaded assembly
- Completed reload, in  0.782 seconds
Domain Reload Profiling:
	ReloadAssembly (783ms)
		BeginReloadAssembly (122ms)
			ExecutionOrderSort (0ms)
			DisableScriptedObjects (6ms)
			BackupInstance (0ms)
			ReleaseScriptingObjects (0ms)
			CreateAndSetChildDomain (33ms)
		EndReloadAssembly (582ms)
			LoadAssemblies (83ms)
			RebuildTransferFunctionScriptingTraits (0ms)
			SetupTypeCache (164ms)
			ReleaseScriptCaches (1ms)
			RebuildScriptCaches (33ms)
			SetupLoadedEditorAssemblies (276ms)
				LogAssemblyErrors (0ms)
				InitializePlatformSupportModulesInManaged (11ms)
				SetLoadedEditorAssemblies (0ms)
				RefreshPlugins (1ms)
				BeforeProcessingInitializeOnLoad (63ms)
				ProcessInitializeOnLoadAttributes (160ms)
				ProcessInitializeOnLoadMethodAttributes (30ms)
				AfterProcessingInitializeOnLoad (12ms)
				EditorAssembliesLoaded (0ms)
			ExecutionOrderSort2 (0ms)
			AwakeInstancesAfterBackupRestoration (8ms)
Platform modules already initialized, skipping
Refreshing native plugins compatible for Editor in 1.85 ms, found 4 plugins.
Preloading 0 native plugins for Editor in 0.00 ms.
Unloading 4053 Unused Serialized files (Serialized files now loaded: 0)
Unloading 25 unused Assets / (24.6 KB). Loaded Objects now: 4618.
Memory consumption went from 155.0 MB to 154.9 MB.
Total: 2.884600 ms (FindLiveObjects: 0.265400 ms CreateObjectMapping: 0.155600 ms MarkObjects: 2.435300 ms  DeleteObjects: 0.027600 ms)

AssetImportParameters requested are different than current active one (requested -> active):
  custom:video-decoder-ogg-theora: a1e56fd34408186e4bbccfd4996cb3dc -> 
  custom:container-muxer-webm: aa71ff27fc2769a1b78a27578f13a17b -> 
  custom:container-demuxer-webm: 4f35f7cbe854078d1ac9338744f61a02 -> 
  custom:video-encoder-webm-vp8: eb34c28f22e8b96e1ab97ce403110664 -> 
  custom:audio-encoder-webm-vorbis: bf7c407c2cedff20999df2af8eb42d56 -> 
  custom:framework-win-MediaFoundation: 216162199b28c13a410421893ffa2e32 -> 
  custom:container-demuxer-ogg: 62fdf1f143b41e24485cea50d1cbac27 -> 
  custom:video-decoder-webm-vp8: 9c59270c3fd7afecdb556c50c9e8de78 -> 
  custom:audio-decoder-ogg-vorbis: bf7c407c2cedff20999df2af8eb42d56 -> 
========================================================================
Received Prepare
Registering precompiled user dll's ...
Registered in 0.006494 seconds.
Begin MonoManager ReloadAssembly
Symbol file LoadedFromMemory doesn't match image E:\Documentos\GitHub\Super-Mario-2D\Library\PackageCache\com.unity.visualscripting@1.7.8\Editor\VisualScripting.Core\Dependencies\YamlDotNet\Unity.VisualScripting.YamlDotNet.dll
Symbol file LoadedFromMemory doesn't match image E:\Documentos\GitHub\Super-Mario-2D\Library\PackageCache\com.unity.visualscripting@1.7.8\Editor\VisualScripting.Core\Dependencies\DotNetZip\Unity.VisualScripting.IonicZip.dll
Native extension for WindowsStandalone target not found
Refreshing native plugins compatible for Editor in 0.79 ms, found 4 plugins.
Preloading 0 native plugins for Editor in 0.00 ms.
Mono: successfully reloaded assembly
- Completed reload, in  0.759 seconds
Domain Reload Profiling:
	ReloadAssembly (760ms)
		BeginReloadAssembly (118ms)
			ExecutionOrderSort (0ms)
			DisableScriptedObjects (6ms)
			BackupInstance (0ms)
			ReleaseScriptingObjects (0ms)
			CreateAndSetChildDomain (33ms)
		EndReloadAssembly (564ms)
			LoadAssemblies (80ms)
			RebuildTransferFunctionScriptingTraits (0ms)
			SetupTypeCache (158ms)
			ReleaseScriptCaches (1ms)
			RebuildScriptCaches (31ms)
			SetupLoadedEditorAssemblies (272ms)
				LogAssemblyErrors (0ms)
				InitializePlatformSupportModulesInManaged (10ms)
				SetLoadedEditorAssemblies (0ms)
				RefreshPlugins (1ms)
				BeforeProcessingInitializeOnLoad (59ms)
				ProcessInitializeOnLoadAttributes (158ms)
				ProcessInitializeOnLoadMethodAttributes (32ms)
				AfterProcessingInitializeOnLoad (11ms)
				EditorAssembliesLoaded (0ms)
			ExecutionOrderSort2 (0ms)
			AwakeInstancesAfterBackupRestoration (8ms)
Platform modules already initialized, skipping
Refreshing native plugins compatible for Editor in 1.73 ms, found 4 plugins.
Preloading 0 native plugins for Editor in 0.00 ms.
Unloading 4053 Unused Serialized files (Serialized files now loaded: 0)
Unloading 25 unused Assets / (24.6 KB). Loaded Objects now: 4621.
Memory consumption went from 155.0 MB to 154.9 MB.
Total: 3.267700 ms (FindLiveObjects: 0.249600 ms CreateObjectMapping: 0.138800 ms MarkObjects: 2.852400 ms  DeleteObjects: 0.026200 ms)

AssetImportParameters requested are different than current active one (requested -> active):
  custom:video-decoder-ogg-theora: a1e56fd34408186e4bbccfd4996cb3dc -> 
  custom:container-muxer-webm: aa71ff27fc2769a1b78a27578f13a17b -> 
  custom:container-demuxer-webm: 4f35f7cbe854078d1ac9338744f61a02 -> 
  custom:video-encoder-webm-vp8: eb34c28f22e8b96e1ab97ce403110664 -> 
  custom:audio-encoder-webm-vorbis: bf7c407c2cedff20999df2af8eb42d56 -> 
  custom:framework-win-MediaFoundation: 216162199b28c13a410421893ffa2e32 -> 
  custom:container-demuxer-ogg: 62fdf1f143b41e24485cea50d1cbac27 -> 
  custom:video-decoder-webm-vp8: 9c59270c3fd7afecdb556c50c9e8de78 -> 
  custom:audio-decoder-ogg-vorbis: bf7c407c2cedff20999df2af8eb42d56 -> 
========================================================================
Received Prepare
Registering precompiled user dll's ...
Registered in 0.006171 seconds.
Begin MonoManager ReloadAssembly
Symbol file LoadedFromMemory doesn't match image E:\Documentos\GitHub\Super-Mario-2D\Library\PackageCache\com.unity.visualscripting@1.7.8\Editor\VisualScripting.Core\Dependencies\YamlDotNet\Unity.VisualScripting.YamlDotNet.dll
Symbol file LoadedFromMemory doesn't match image E:\Documentos\GitHub\Super-Mario-2D\Library\PackageCache\com.unity.visualscripting@1.7.8\Editor\VisualScripting.Core\Dependencies\DotNetZip\Unity.VisualScripting.IonicZip.dll
Native extension for WindowsStandalone target not found
Refreshing native plugins compatible for Editor in 0.76 ms, found 4 plugins.
Preloading 0 native plugins for Editor in 0.00 ms.
Mono: successfully reloaded assembly
- Completed reload, in  0.741 seconds
Domain Reload Profiling:
	ReloadAssembly (741ms)
		BeginReloadAssembly (117ms)
			ExecutionOrderSort (0ms)
			DisableScriptedObjects (6ms)
			BackupInstance (0ms)
			ReleaseScriptingObjects (0ms)
			CreateAndSetChildDomain (33ms)
		EndReloadAssembly (545ms)
			LoadAssemblies (80ms)
			RebuildTransferFunctionScriptingTraits (0ms)
			SetupTypeCache (153ms)
			ReleaseScriptCaches (1ms)
			RebuildScriptCaches (29ms)
			SetupLoadedEditorAssemblies (263ms)
				LogAssemblyErrors (0ms)
				InitializePlatformSupportModulesInManaged (10ms)
				SetLoadedEditorAssemblies (0ms)
				RefreshPlugins (1ms)
				BeforeProcessingInitializeOnLoad (58ms)
				ProcessInitializeOnLoadAttributes (152ms)
				ProcessInitializeOnLoadMethodAttributes (31ms)
				AfterProcessingInitializeOnLoad (11ms)
				EditorAssembliesLoaded (0ms)
			ExecutionOrderSort2 (0ms)
			AwakeInstancesAfterBackupRestoration (7ms)
Platform modules already initialized, skipping
Refreshing native plugins compatible for Editor in 1.68 ms, found 4 plugins.
Preloading 0 native plugins for Editor in 0.00 ms.
Unloading 4053 Unused Serialized files (Serialized files now loaded: 0)
Unloading 25 unused Assets / (24.6 KB). Loaded Objects now: 4624.
Memory consumption went from 155.0 MB to 155.0 MB.
Total: 3.048200 ms (FindLiveObjects: 0.273200 ms CreateObjectMapping: 0.102900 ms MarkObjects: 2.645200 ms  DeleteObjects: 0.026400 ms)

AssetImportParameters requested are different than current active one (requested -> active):
  custom:video-decoder-ogg-theora: a1e56fd34408186e4bbccfd4996cb3dc -> 
  custom:container-muxer-webm: aa71ff27fc2769a1b78a27578f13a17b -> 
  custom:container-demuxer-webm: 4f35f7cbe854078d1ac9338744f61a02 -> 
  custom:video-encoder-webm-vp8: eb34c28f22e8b96e1ab97ce403110664 -> 
  custom:audio-encoder-webm-vorbis: bf7c407c2cedff20999df2af8eb42d56 -> 
  custom:framework-win-MediaFoundation: 216162199b28c13a410421893ffa2e32 -> 
  custom:container-demuxer-ogg: 62fdf1f143b41e24485cea50d1cbac27 -> 
  custom:video-decoder-webm-vp8: 9c59270c3fd7afecdb556c50c9e8de78 -> 
  custom:audio-decoder-ogg-vorbis: bf7c407c2cedff20999df2af8eb42d56 -> 
========================================================================
Received Prepare
Registering precompiled user dll's ...
Registered in 0.006076 seconds.
Begin MonoManager ReloadAssembly
Symbol file LoadedFromMemory doesn't match image E:\Documentos\GitHub\Super-Mario-2D\Library\PackageCache\com.unity.visualscripting@1.7.8\Editor\VisualScripting.Core\Dependencies\YamlDotNet\Unity.VisualScripting.YamlDotNet.dll
Symbol file LoadedFromMemory doesn't match image E:\Documentos\GitHub\Super-Mario-2D\Library\PackageCache\com.unity.visualscripting@1.7.8\Editor\VisualScripting.Core\Dependencies\DotNetZip\Unity.VisualScripting.IonicZip.dll
Native extension for WindowsStandalone target not found
Refreshing native plugins compatible for Editor in 0.80 ms, found 4 plugins.
Preloading 0 native plugins for Editor in 0.00 ms.
Mono: successfully reloaded assembly
- Completed reload, in  0.787 seconds
Domain Reload Profiling:
	ReloadAssembly (787ms)
		BeginReloadAssembly (118ms)
			ExecutionOrderSort (0ms)
			DisableScriptedObjects (6ms)
			BackupInstance (0ms)
			ReleaseScriptingObjects (0ms)
			CreateAndSetChildDomain (33ms)
		EndReloadAssembly (589ms)
			LoadAssemblies (81ms)
			RebuildTransferFunctionScriptingTraits (0ms)
			SetupTypeCache (166ms)
			ReleaseScriptCaches (1ms)
			RebuildScriptCaches (35ms)
			SetupLoadedEditorAssemblies (278ms)
				LogAssemblyErrors (0ms)
				InitializePlatformSupportModulesInManaged (11ms)
				SetLoadedEditorAssemblies (0ms)
				RefreshPlugins (1ms)
				BeforeProcessingInitializeOnLoad (64ms)
				ProcessInitializeOnLoadAttributes (158ms)
				ProcessInitializeOnLoadMethodAttributes (31ms)
				AfterProcessingInitializeOnLoad (12ms)
				EditorAssembliesLoaded (0ms)
			ExecutionOrderSort2 (0ms)
			AwakeInstancesAfterBackupRestoration (8ms)
Platform modules already initialized, skipping
Refreshing native plugins compatible for Editor in 1.85 ms, found 4 plugins.
Preloading 0 native plugins for Editor in 0.00 ms.
Unloading 4053 Unused Serialized files (Serialized files now loaded: 0)
Unloading 25 unused Assets / (24.6 KB). Loaded Objects now: 4627.
Memory consumption went from 155.0 MB to 155.0 MB.
Total: 3.129100 ms (FindLiveObjects: 0.345200 ms CreateObjectMapping: 0.241800 ms MarkObjects: 2.508900 ms  DeleteObjects: 0.032800 ms)

AssetImportParameters requested are different than current active one (requested -> active):
  custom:video-decoder-ogg-theora: a1e56fd34408186e4bbccfd4996cb3dc -> 
  custom:container-muxer-webm: aa71ff27fc2769a1b78a27578f13a17b -> 
  custom:container-demuxer-webm: 4f35f7cbe854078d1ac9338744f61a02 -> 
  custom:video-encoder-webm-vp8: eb34c28f22e8b96e1ab97ce403110664 -> 
  custom:audio-encoder-webm-vorbis: bf7c407c2cedff20999df2af8eb42d56 -> 
  custom:framework-win-MediaFoundation: 216162199b28c13a410421893ffa2e32 -> 
  custom:container-demuxer-ogg: 62fdf1f143b41e24485cea50d1cbac27 -> 
  custom:video-decoder-webm-vp8: 9c59270c3fd7afecdb556c50c9e8de78 -> 
  custom:audio-decoder-ogg-vorbis: bf7c407c2cedff20999df2af8eb42d56 -> 
========================================================================
Received Prepare
Registering precompiled user dll's ...
Registered in 0.005881 seconds.
Begin MonoManager ReloadAssembly
Symbol file LoadedFromMemory doesn't match image E:\Documentos\GitHub\Super-Mario-2D\Library\PackageCache\com.unity.visualscripting@1.7.8\Editor\VisualScripting.Core\Dependencies\YamlDotNet\Unity.VisualScripting.YamlDotNet.dll
Symbol file LoadedFromMemory doesn't match image E:\Documentos\GitHub\Super-Mario-2D\Library\PackageCache\com.unity.visualscripting@1.7.8\Editor\VisualScripting.Core\Dependencies\DotNetZip\Unity.VisualScripting.IonicZip.dll
Native extension for WindowsStandalone target not found
Refreshing native plugins compatible for Editor in 0.87 ms, found 4 plugins.
Preloading 0 native plugins for Editor in 0.00 ms.
Mono: successfully reloaded assembly
- Completed reload, in  0.762 seconds
Domain Reload Profiling:
	ReloadAssembly (762ms)
		BeginReloadAssembly (118ms)
			ExecutionOrderSort (0ms)
			DisableScriptedObjects (6ms)
			BackupInstance (0ms)
			ReleaseScriptingObjects (0ms)
			CreateAndSetChildDomain (32ms)
		EndReloadAssembly (567ms)
			LoadAssemblies (80ms)
			RebuildTransferFunctionScriptingTraits (0ms)
			SetupTypeCache (155ms)
			ReleaseScriptCaches (1ms)
			RebuildScriptCaches (31ms)
			SetupLoadedEditorAssemblies (277ms)
				LogAssemblyErrors (0ms)
				InitializePlatformSupportModulesInManaged (12ms)
				SetLoadedEditorAssemblies (0ms)
				RefreshPlugins (1ms)
				BeforeProcessingInitializeOnLoad (65ms)
				ProcessInitializeOnLoadAttributes (158ms)
				ProcessInitializeOnLoadMethodAttributes (30ms)
				AfterProcessingInitializeOnLoad (11ms)
				EditorAssembliesLoaded (0ms)
			ExecutionOrderSort2 (0ms)
			AwakeInstancesAfterBackupRestoration (7ms)
Platform modules already initialized, skipping
Refreshing native plugins compatible for Editor in 1.81 ms, found 4 plugins.
Preloading 0 native plugins for Editor in 0.00 ms.
Unloading 4053 Unused Serialized files (Serialized files now loaded: 0)
Unloading 25 unused Assets / (24.6 KB). Loaded Objects now: 4630.
Memory consumption went from 155.0 MB to 155.0 MB.
Total: 2.882700 ms (FindLiveObjects: 0.272100 ms CreateObjectMapping: 0.081600 ms MarkObjects: 2.511600 ms  DeleteObjects: 0.016200 ms)

AssetImportParameters requested are different than current active one (requested -> active):
  custom:video-decoder-ogg-theora: a1e56fd34408186e4bbccfd4996cb3dc -> 
  custom:container-muxer-webm: aa71ff27fc2769a1b78a27578f13a17b -> 
  custom:container-demuxer-webm: 4f35f7cbe854078d1ac9338744f61a02 -> 
  custom:video-encoder-webm-vp8: eb34c28f22e8b96e1ab97ce403110664 -> 
  custom:audio-encoder-webm-vorbis: bf7c407c2cedff20999df2af8eb42d56 -> 
  custom:framework-win-MediaFoundation: 216162199b28c13a410421893ffa2e32 -> 
  custom:container-demuxer-ogg: 62fdf1f143b41e24485cea50d1cbac27 -> 
  custom:video-decoder-webm-vp8: 9c59270c3fd7afecdb556c50c9e8de78 -> 
  custom:audio-decoder-ogg-vorbis: bf7c407c2cedff20999df2af8eb42d56 -> 
========================================================================
Received Prepare
Registering precompiled user dll's ...
Registered in 0.006068 seconds.
Begin MonoManager ReloadAssembly
Symbol file LoadedFromMemory doesn't match image E:\Documentos\GitHub\Super-Mario-2D\Library\PackageCache\com.unity.visualscripting@1.7.8\Editor\VisualScripting.Core\Dependencies\YamlDotNet\Unity.VisualScripting.YamlDotNet.dll
Symbol file LoadedFromMemory doesn't match image E:\Documentos\GitHub\Super-Mario-2D\Library\PackageCache\com.unity.visualscripting@1.7.8\Editor\VisualScripting.Core\Dependencies\DotNetZip\Unity.VisualScripting.IonicZip.dll
Native extension for WindowsStandalone target not found
Refreshing native plugins compatible for Editor in 0.81 ms, found 4 plugins.
Preloading 0 native plugins for Editor in 0.00 ms.
Mono: successfully reloaded assembly
- Completed reload, in  0.761 seconds
Domain Reload Profiling:
	ReloadAssembly (762ms)
		BeginReloadAssembly (120ms)
			ExecutionOrderSort (0ms)
			DisableScriptedObjects (6ms)
			BackupInstance (0ms)
			ReleaseScriptingObjects (0ms)
			CreateAndSetChildDomain (33ms)
		EndReloadAssembly (564ms)
			LoadAssemblies (84ms)
			RebuildTransferFunctionScriptingTraits (0ms)
			SetupTypeCache (157ms)
			ReleaseScriptCaches (1ms)
			RebuildScriptCaches (30ms)
			SetupLoadedEditorAssemblies (273ms)
				LogAssemblyErrors (0ms)
				InitializePlatformSupportModulesInManaged (10ms)
				SetLoadedEditorAssemblies (0ms)
				RefreshPlugins (1ms)
				BeforeProcessingInitializeOnLoad (60ms)
				ProcessInitializeOnLoadAttributes (158ms)
				ProcessInitializeOnLoadMethodAttributes (30ms)
				AfterProcessingInitializeOnLoad (13ms)
				EditorAssembliesLoaded (0ms)
			ExecutionOrderSort2 (0ms)
			AwakeInstancesAfterBackupRestoration (8ms)
Platform modules already initialized, skipping
Refreshing native plugins compatible for Editor in 1.87 ms, found 4 plugins.
Preloading 0 native plugins for Editor in 0.00 ms.
Unloading 4053 Unused Serialized files (Serialized files now loaded: 0)
Unloading 25 unused Assets / (24.6 KB). Loaded Objects now: 4633.
Memory consumption went from 155.0 MB to 155.0 MB.
Total: 3.086200 ms (FindLiveObjects: 0.257900 ms CreateObjectMapping: 0.139000 ms MarkObjects: 2.663400 ms  DeleteObjects: 0.025400 ms)

AssetImportParameters requested are different than current active one (requested -> active):
  custom:video-decoder-ogg-theora: a1e56fd34408186e4bbccfd4996cb3dc -> 
  custom:container-muxer-webm: aa71ff27fc2769a1b78a27578f13a17b -> 
  custom:container-demuxer-webm: 4f35f7cbe854078d1ac9338744f61a02 -> 
  custom:video-encoder-webm-vp8: eb34c28f22e8b96e1ab97ce403110664 -> 
  custom:audio-encoder-webm-vorbis: bf7c407c2cedff20999df2af8eb42d56 -> 
  custom:framework-win-MediaFoundation: 216162199b28c13a410421893ffa2e32 -> 
  custom:container-demuxer-ogg: 62fdf1f143b41e24485cea50d1cbac27 -> 
  custom:video-decoder-webm-vp8: 9c59270c3fd7afecdb556c50c9e8de78 -> 
  custom:audio-decoder-ogg-vorbis: bf7c407c2cedff20999df2af8eb42d56 -> 
========================================================================
Received Prepare
Registering precompiled user dll's ...
Registered in 0.006041 seconds.
Begin MonoManager ReloadAssembly
Symbol file LoadedFromMemory doesn't match image E:\Documentos\GitHub\Super-Mario-2D\Library\PackageCache\com.unity.visualscripting@1.7.8\Editor\VisualScripting.Core\Dependencies\YamlDotNet\Unity.VisualScripting.YamlDotNet.dll
Symbol file LoadedFromMemory doesn't match image E:\Documentos\GitHub\Super-Mario-2D\Library\PackageCache\com.unity.visualscripting@1.7.8\Editor\VisualScripting.Core\Dependencies\DotNetZip\Unity.VisualScripting.IonicZip.dll
Native extension for WindowsStandalone target not found
Refreshing native plugins compatible for Editor in 0.94 ms, found 4 plugins.
Preloading 0 native plugins for Editor in 0.00 ms.
Mono: successfully reloaded assembly
- Completed reload, in  0.778 seconds
Domain Reload Profiling:
	ReloadAssembly (778ms)
		BeginReloadAssembly (120ms)
			ExecutionOrderSort (0ms)
			DisableScriptedObjects (6ms)
			BackupInstance (0ms)
			ReleaseScriptingObjects (0ms)
			CreateAndSetChildDomain (33ms)
		EndReloadAssembly (580ms)
			LoadAssemblies (81ms)
			RebuildTransferFunctionScriptingTraits (0ms)
			SetupTypeCache (166ms)
			ReleaseScriptCaches (1ms)
			RebuildScriptCaches (31ms)
			SetupLoadedEditorAssemblies (272ms)
				LogAssemblyErrors (0ms)
				InitializePlatformSupportModulesInManaged (10ms)
				SetLoadedEditorAssemblies (0ms)
				RefreshPlugins (1ms)
				BeforeProcessingInitializeOnLoad (61ms)
				ProcessInitializeOnLoadAttributes (159ms)
				ProcessInitializeOnLoadMethodAttributes (29ms)
				AfterProcessingInitializeOnLoad (11ms)
				EditorAssembliesLoaded (0ms)
			ExecutionOrderSort2 (0ms)
			AwakeInstancesAfterBackupRestoration (8ms)
Platform modules already initialized, skipping
Refreshing native plugins compatible for Editor in 1.81 ms, found 4 plugins.
Preloading 0 native plugins for Editor in 0.00 ms.
Unloading 4053 Unused Serialized files (Serialized files now loaded: 0)
Unloading 25 unused Assets / (24.6 KB). Loaded Objects now: 4636.
Memory consumption went from 155.0 MB to 155.0 MB.
Total: 3.118800 ms (FindLiveObjects: 0.260100 ms CreateObjectMapping: 0.160100 ms MarkObjects: 2.670900 ms  DeleteObjects: 0.027000 ms)

AssetImportParameters requested are different than current active one (requested -> active):
  custom:video-decoder-ogg-theora: a1e56fd34408186e4bbccfd4996cb3dc -> 
  custom:container-muxer-webm: aa71ff27fc2769a1b78a27578f13a17b -> 
  custom:container-demuxer-webm: 4f35f7cbe854078d1ac9338744f61a02 -> 
  custom:video-encoder-webm-vp8: eb34c28f22e8b96e1ab97ce403110664 -> 
  custom:audio-encoder-webm-vorbis: bf7c407c2cedff20999df2af8eb42d56 -> 
  custom:framework-win-MediaFoundation: 216162199b28c13a410421893ffa2e32 -> 
  custom:container-demuxer-ogg: 62fdf1f143b41e24485cea50d1cbac27 -> 
  custom:video-decoder-webm-vp8: 9c59270c3fd7afecdb556c50c9e8de78 -> 
  custom:audio-decoder-ogg-vorbis: bf7c407c2cedff20999df2af8eb42d56 -> 
========================================================================
Received Prepare
Registering precompiled user dll's ...
Registered in 0.006114 seconds.
Begin MonoManager ReloadAssembly
Symbol file LoadedFromMemory doesn't match image E:\Documentos\GitHub\Super-Mario-2D\Library\PackageCache\com.unity.visualscripting@1.7.8\Editor\VisualScripting.Core\Dependencies\YamlDotNet\Unity.VisualScripting.YamlDotNet.dll
Symbol file LoadedFromMemory doesn't match image E:\Documentos\GitHub\Super-Mario-2D\Library\PackageCache\com.unity.visualscripting@1.7.8\Editor\VisualScripting.Core\Dependencies\DotNetZip\Unity.VisualScripting.IonicZip.dll
Native extension for WindowsStandalone target not found
Refreshing native plugins compatible for Editor in 0.79 ms, found 4 plugins.
Preloading 0 native plugins for Editor in 0.00 ms.
Mono: successfully reloaded assembly
- Completed reload, in  0.762 seconds
Domain Reload Profiling:
	ReloadAssembly (763ms)
		BeginReloadAssembly (118ms)
			ExecutionOrderSort (0ms)
			DisableScriptedObjects (6ms)
			BackupInstance (0ms)
			ReleaseScriptingObjects (0ms)
			CreateAndSetChildDomain (32ms)
		EndReloadAssembly (567ms)
			LoadAssemblies (80ms)
			RebuildTransferFunctionScriptingTraits (0ms)
			SetupTypeCache (157ms)
			ReleaseScriptCaches (1ms)
			RebuildScriptCaches (32ms)
			SetupLoadedEditorAssemblies (270ms)
				LogAssemblyErrors (0ms)
				InitializePlatformSupportModulesInManaged (10ms)
				SetLoadedEditorAssemblies (0ms)
				RefreshPlugins (1ms)
				BeforeProcessingInitializeOnLoad (60ms)
				ProcessInitializeOnLoadAttributes (159ms)
				ProcessInitializeOnLoadMethodAttributes (29ms)
				AfterProcessingInitializeOnLoad (11ms)
				EditorAssembliesLoaded (0ms)
			ExecutionOrderSort2 (0ms)
			AwakeInstancesAfterBackupRestoration (8ms)
Platform modules already initialized, skipping
Refreshing native plugins compatible for Editor in 1.77 ms, found 4 plugins.
Preloading 0 native plugins for Editor in 0.00 ms.
Unloading 4053 Unused Serialized files (Serialized files now loaded: 0)
Unloading 25 unused Assets / (24.6 KB). Loaded Objects now: 4639.
Memory consumption went from 155.0 MB to 155.0 MB.
Total: 2.999600 ms (FindLiveObjects: 0.276900 ms CreateObjectMapping: 0.085200 ms MarkObjects: 2.609400 ms  DeleteObjects: 0.027200 ms)

AssetImportParameters requested are different than current active one (requested -> active):
  custom:video-decoder-ogg-theora: a1e56fd34408186e4bbccfd4996cb3dc -> 
  custom:container-muxer-webm: aa71ff27fc2769a1b78a27578f13a17b -> 
  custom:container-demuxer-webm: 4f35f7cbe854078d1ac9338744f61a02 -> 
  custom:video-encoder-webm-vp8: eb34c28f22e8b96e1ab97ce403110664 -> 
  custom:audio-encoder-webm-vorbis: bf7c407c2cedff20999df2af8eb42d56 -> 
  custom:framework-win-MediaFoundation: 216162199b28c13a410421893ffa2e32 -> 
  custom:container-demuxer-ogg: 62fdf1f143b41e24485cea50d1cbac27 -> 
  custom:video-decoder-webm-vp8: 9c59270c3fd7afecdb556c50c9e8de78 -> 
  custom:audio-decoder-ogg-vorbis: bf7c407c2cedff20999df2af8eb42d56 -> 
========================================================================
Received Prepare
Registering precompiled user dll's ...
Registered in 0.005950 seconds.
Begin MonoManager ReloadAssembly
Symbol file LoadedFromMemory doesn't match image E:\Documentos\GitHub\Super-Mario-2D\Library\PackageCache\com.unity.visualscripting@1.7.8\Editor\VisualScripting.Core\Dependencies\YamlDotNet\Unity.VisualScripting.YamlDotNet.dll
Symbol file LoadedFromMemory doesn't match image E:\Documentos\GitHub\Super-Mario-2D\Library\PackageCache\com.unity.visualscripting@1.7.8\Editor\VisualScripting.Core\Dependencies\DotNetZip\Unity.VisualScripting.IonicZip.dll
Native extension for WindowsStandalone target not found
Refreshing native plugins compatible for Editor in 0.77 ms, found 4 plugins.
Preloading 0 native plugins for Editor in 0.00 ms.
Mono: successfully reloaded assembly
- Completed reload, in  0.740 seconds
Domain Reload Profiling:
	ReloadAssembly (740ms)
		BeginReloadAssembly (119ms)
			ExecutionOrderSort (0ms)
			DisableScriptedObjects (6ms)
			BackupInstance (0ms)
			ReleaseScriptingObjects (0ms)
			CreateAndSetChildDomain (33ms)
		EndReloadAssembly (544ms)
			LoadAssemblies (79ms)
			RebuildTransferFunctionScriptingTraits (0ms)
			SetupTypeCache (152ms)
			ReleaseScriptCaches (1ms)
			RebuildScriptCaches (29ms)
			SetupLoadedEditorAssemblies (260ms)
				LogAssemblyErrors (0ms)
				InitializePlatformSupportModulesInManaged (10ms)
				SetLoadedEditorAssemblies (0ms)
				RefreshPlugins (1ms)
				BeforeProcessingInitializeOnLoad (57ms)
				ProcessInitializeOnLoadAttributes (152ms)
				ProcessInitializeOnLoadMethodAttributes (29ms)
				AfterProcessingInitializeOnLoad (10ms)
				EditorAssembliesLoaded (0ms)
			ExecutionOrderSort2 (0ms)
			AwakeInstancesAfterBackupRestoration (7ms)
Platform modules already initialized, skipping
Refreshing native plugins compatible for Editor in 1.76 ms, found 4 plugins.
Preloading 0 native plugins for Editor in 0.00 ms.
Unloading 4053 Unused Serialized files (Serialized files now loaded: 0)
Unloading 25 unused Assets / (24.6 KB). Loaded Objects now: 4642.
Memory consumption went from 155.0 MB to 155.0 MB.
Total: 2.934000 ms (FindLiveObjects: 0.257700 ms CreateObjectMapping: 0.136700 ms MarkObjects: 2.513100 ms  DeleteObjects: 0.025900 ms)

AssetImportParameters requested are different than current active one (requested -> active):
  custom:video-decoder-ogg-theora: a1e56fd34408186e4bbccfd4996cb3dc -> 
  custom:container-muxer-webm: aa71ff27fc2769a1b78a27578f13a17b -> 
  custom:container-demuxer-webm: 4f35f7cbe854078d1ac9338744f61a02 -> 
  custom:video-encoder-webm-vp8: eb34c28f22e8b96e1ab97ce403110664 -> 
  custom:audio-encoder-webm-vorbis: bf7c407c2cedff20999df2af8eb42d56 -> 
  custom:framework-win-MediaFoundation: 216162199b28c13a410421893ffa2e32 -> 
  custom:container-demuxer-ogg: 62fdf1f143b41e24485cea50d1cbac27 -> 
  custom:video-decoder-webm-vp8: 9c59270c3fd7afecdb556c50c9e8de78 -> 
  custom:audio-decoder-ogg-vorbis: bf7c407c2cedff20999df2af8eb42d56 -> 
========================================================================
Received Import Request.
  Time since last request: 1288.529800 seconds.
  path: Assets/PhysicsMaterials/Mario.physicsMaterial2D
  artifactKey: Guid(54d4b9b8b7303354599a184ec0736abe) Importer(815301076,1909f56bfc062723c751e8b465ee728b)
Start importing Assets/PhysicsMaterials/Mario.physicsMaterial2D using Guid(54d4b9b8b7303354599a184ec0736abe) Importer(815301076,1909f56bfc062723c751e8b465ee728b)  -> (artifact id: 'e6470475bff65cba51c399a60f7d30c8') in 0.017576 seconds 
========================================================================
Received Import Request.
  Time since last request: 31.821217 seconds.
  path: Assets/Audio/SFX
  artifactKey: Guid(33c0ef62197d255408d9926b16349780) Importer(815301076,1909f56bfc062723c751e8b465ee728b)
Start importing Assets/Audio/SFX using Guid(33c0ef62197d255408d9926b16349780) Importer(815301076,1909f56bfc062723c751e8b465ee728b)  -> (artifact id: 'ac02f2d7fe3086c3e22dd85b7485d46c') in 0.001398 seconds 
========================================================================
Received Import Request.
  Time since last request: 0.012564 seconds.
  path: Assets/Audio/SFX/1up.wav
  artifactKey: Guid(95cd0ed53ae63594b82107a1929f8e73) Importer(815301076,1909f56bfc062723c751e8b465ee728b)
Start importing Assets/Audio/SFX/1up.wav using Guid(95cd0ed53ae63594b82107a1929f8e73) Importer(815301076,1909f56bfc062723c751e8b465ee728b)  -> (artifact id: '73c5a8d8b835b7ff4748a6cd79862062') in 0.052434 seconds 
========================================================================
Received Import Request.
  Time since last request: 0.000016 seconds.
  path: Assets/Audio/SFX/Vine.wav
  artifactKey: Guid(21e0dad2373b37a4a841b33be82506f4) Importer(815301076,1909f56bfc062723c751e8b465ee728b)
Start importing Assets/Audio/SFX/Vine.wav using Guid(21e0dad2373b37a4a841b33be82506f4) Importer(815301076,1909f56bfc062723c751e8b465ee728b)  -> (artifact id: '374e871e9d4ab0c6cc97541f2bd6c751') in 0.012557 seconds 
========================================================================
Received Import Request.
  Time since last request: 0.000012 seconds.
  path: Assets/Audio/SFX/Break.wav
  artifactKey: Guid(9381ca705c423d14c8064596aff9feb7) Importer(815301076,1909f56bfc062723c751e8b465ee728b)
Start importing Assets/Audio/SFX/Break.wav using Guid(9381ca705c423d14c8064596aff9feb7) Importer(815301076,1909f56bfc062723c751e8b465ee728b)  -> (artifact id: '4315ee2eebd7625db9f0eada5ddfa033') in 0.012072 seconds 
========================================================================
Received Import Request.
  Time since last request: 0.000009 seconds.
  path: Assets/Audio/SFX/Warp.wav
  artifactKey: Guid(23a8b23956a109c47ad285b9955cc65d) Importer(815301076,1909f56bfc062723c751e8b465ee728b)
Start importing Assets/Audio/SFX/Warp.wav using Guid(23a8b23956a109c47ad285b9955cc65d) Importer(815301076,1909f56bfc062723c751e8b465ee728b)  -> (artifact id: '53eea6571c96b6a88a889593a0fa11e1') in 0.008819 seconds 
========================================================================
Received Import Request.
  Time since last request: 0.000010 seconds.
  path: Assets/Audio/SFX/Fire Ball.wav
  artifactKey: Guid(7b89fb3ab52a3214ab2660f40ffda9ca) Importer(815301076,1909f56bfc062723c751e8b465ee728b)
Start importing Assets/Audio/SFX/Fire Ball.wav using Guid(7b89fb3ab52a3214ab2660f40ffda9ca) Importer(815301076,1909f56bfc062723c751e8b465ee728b)  -> (artifact id: 'cb749964c254ab0b7ec3caac333d5edf') in 0.010896 seconds 
========================================================================
Received Import Request.
  Time since last request: 0.000012 seconds.
  path: Assets/Audio/SFX/Beep.wav
  artifactKey: Guid(803490cd36259224e8fdea97c56cb0d7) Importer(815301076,1909f56bfc062723c751e8b465ee728b)
Start importing Assets/Audio/SFX/Beep.wav using Guid(803490cd36259224e8fdea97c56cb0d7) Importer(815301076,1909f56bfc062723c751e8b465ee728b)  -> (artifact id: 'f16febf33cc2494767b9c03ea950a0ec') in 0.009612 seconds 
========================================================================
Received Import Request.
  Time since last request: 0.000016 seconds.
  path: Assets/Audio/SFX/Flagpole.wav
  artifactKey: Guid(79f7c970b4ea92b46b76c5a534b156fa) Importer(815301076,1909f56bfc062723c751e8b465ee728b)
Start importing Assets/Audio/SFX/Flagpole.wav using Guid(79f7c970b4ea92b46b76c5a534b156fa) Importer(815301076,1909f56bfc062723c751e8b465ee728b)  -> (artifact id: '13f69ec8da1c203a6ec10b35d8690709') in 0.011413 seconds 
========================================================================
Received Import Request.
  Time since last request: 0.000011 seconds.
  path: Assets/Audio/SFX/Item.wav
  artifactKey: Guid(03496d5a12423e246a8bb78d420d7419) Importer(815301076,1909f56bfc062723c751e8b465ee728b)
Start importing Assets/Audio/SFX/Item.wav using Guid(03496d5a12423e246a8bb78d420d7419) Importer(815301076,1909f56bfc062723c751e8b465ee728b)  -> (artifact id: '307ac5105dbbd8ac99fa536afc1c7b1c') in 0.009612 seconds 
========================================================================
Received Import Request.
  Time since last request: 0.000010 seconds.
  path: Assets/Audio/SFX/Thwomp.wav
  artifactKey: Guid(383c78b3ed0b6654d8a11e992329572a) Importer(815301076,1909f56bfc062723c751e8b465ee728b)
Start importing Assets/Audio/SFX/Thwomp.wav using Guid(383c78b3ed0b6654d8a11e992329572a) Importer(815301076,1909f56bfc062723c751e8b465ee728b)  -> (artifact id: '7d9fc2f4336e7cdc0e30e9522f8616f5') in 0.010717 seconds 
========================================================================
Received Import Request.
  Time since last request: 0.000009 seconds.
  path: Assets/Audio/SFX/Jump.wav
  artifactKey: Guid(0315ee58e953de24c9e533d5b63e6e49) Importer(815301076,1909f56bfc062723c751e8b465ee728b)
Start importing Assets/Audio/SFX/Jump.wav using Guid(0315ee58e953de24c9e533d5b63e6e49) Importer(815301076,1909f56bfc062723c751e8b465ee728b)  -> (artifact id: '19bc725c34a5084a5cdf570acba82dba') in 0.009393 seconds 
========================================================================
Received Import Request.
  Time since last request: 0.000009 seconds.
  path: Assets/Audio/SFX/Enemy Fire.wav
  artifactKey: Guid(d0e77fe1271503b448875adfc3aac8f1) Importer(815301076,1909f56bfc062723c751e8b465ee728b)
Start importing Assets/Audio/SFX/Enemy Fire.wav using Guid(d0e77fe1271503b448875adfc3aac8f1) Importer(815301076,1909f56bfc062723c751e8b465ee728b)  -> (artifact id: 'e3f736909b30e6d4937027ebe6b6d707') in 0.012089 seconds 
========================================================================
Received Import Request.
  Time since last request: 0.000009 seconds.
  path: Assets/Audio/SFX/Squish.wav
  artifactKey: Guid(093e74ff47f65424cbf3d93ef40ab31d) Importer(815301076,1909f56bfc062723c751e8b465ee728b)
Start importing Assets/Audio/SFX/Squish.wav using Guid(093e74ff47f65424cbf3d93ef40ab31d) Importer(815301076,1909f56bfc062723c751e8b465ee728b)  -> (artifact id: '18f46707b6fae08263fa4406f9b66568') in 0.009774 seconds 
========================================================================
Received Import Request.
  Time since last request: 0.000009 seconds.
  path: Assets/Audio/SFX/Pause.wav
  artifactKey: Guid(88fa113969721ce4d885cb03f5e47aed) Importer(815301076,1909f56bfc062723c751e8b465ee728b)
Start importing Assets/Audio/SFX/Pause.wav using Guid(88fa113969721ce4d885cb03f5e47aed) Importer(815301076,1909f56bfc062723c751e8b465ee728b)  -> (artifact id: '1a5fe794c630f354f95cf1462ddefcf3') in 0.006701 seconds 
========================================================================
Received Import Request.
  Time since last request: 0.000008 seconds.
  path: Assets/Audio/SFX/Powerup.wav
  artifactKey: Guid(f940d07ca5fa86e41a822c1e13c333ba) Importer(815301076,1909f56bfc062723c751e8b465ee728b)
Start importing Assets/Audio/SFX/Powerup.wav using Guid(f940d07ca5fa86e41a822c1e13c333ba) Importer(815301076,1909f56bfc062723c751e8b465ee728b)  -> (artifact id: 'd19d52c02f08304c144c69e99ca00f7e') in 0.008306 seconds 
========================================================================
Received Import Request.
  Time since last request: 0.000011 seconds.
  path: Assets/Audio/SFX/Bump.wav
  artifactKey: Guid(0e45fb5b7395dee4b88c7a9c56da67b1) Importer(815301076,1909f56bfc062723c751e8b465ee728b)
Start importing Assets/Audio/SFX/Bump.wav using Guid(0e45fb5b7395dee4b88c7a9c56da67b1) Importer(815301076,1909f56bfc062723c751e8b465ee728b)  -> (artifact id: '65320d5c6586b7959bda3aeafaceaa51') in 0.009633 seconds 
========================================================================
Received Import Request.
  Time since last request: 0.000010 seconds.
  path: Assets/Audio/SFX/Game Over.wav
  artifactKey: Guid(070540e5874d7ee4f955f68dbd1a982b) Importer(815301076,1909f56bfc062723c751e8b465ee728b)
Start importing Assets/Audio/SFX/Game Over.wav using Guid(070540e5874d7ee4f955f68dbd1a982b) Importer(815301076,1909f56bfc062723c751e8b465ee728b)  -> (artifact id: 'c361f8231ca8a2323e2b6292a0ca5f6a') in 0.011063 seconds 
========================================================================
Received Import Request.
  Time since last request: 0.000009 seconds.
  path: Assets/Audio/SFX/Skid.wav
  artifactKey: Guid(47fa134fda51daf40916beb0d94d5313) Importer(815301076,1909f56bfc062723c751e8b465ee728b)
Start importing Assets/Audio/SFX/Skid.wav using Guid(47fa134fda51daf40916beb0d94d5313) Importer(815301076,1909f56bfc062723c751e8b465ee728b)  -> (artifact id: '75ad428f9d58fceb6ac47f7507594ef4') in 0.010673 seconds 
========================================================================
Received Import Request.
  Time since last request: 0.000009 seconds.
  path: Assets/Audio/SFX/Die.wav
  artifactKey: Guid(d3bf93f9be1a3814b830a33879e94b40) Importer(815301076,1909f56bfc062723c751e8b465ee728b)
Start importing Assets/Audio/SFX/Die.wav using Guid(d3bf93f9be1a3814b830a33879e94b40) Importer(815301076,1909f56bfc062723c751e8b465ee728b)  -> (artifact id: '3f543c0f332241749ac544c2e4777926') in 0.009054 seconds 
========================================================================
Received Import Request.
  Time since last request: 0.000009 seconds.
  path: Assets/Audio/SFX/Kick.wav
  artifactKey: Guid(32f6d921d9b04a745afeaf90ad37006a) Importer(815301076,1909f56bfc062723c751e8b465ee728b)
Start importing Assets/Audio/SFX/Kick.wav using Guid(32f6d921d9b04a745afeaf90ad37006a) Importer(815301076,1909f56bfc062723c751e8b465ee728b)  -> (artifact id: '08fdd16ebfb85a085776cdc98723e938') in 0.005765 seconds 
========================================================================
Received Import Request.
  Time since last request: 0.000010 seconds.
  path: Assets/Audio/SFX/Big Jump.wav
  artifactKey: Guid(d258f659f0a02b741b76c9bf839966a2) Importer(815301076,1909f56bfc062723c751e8b465ee728b)
Start importing Assets/Audio/SFX/Big Jump.wav using Guid(d258f659f0a02b741b76c9bf839966a2) Importer(815301076,1909f56bfc062723c751e8b465ee728b)  -> (artifact id: 'd802c6dbfb68f64b16d768319188ebaa') in 0.005908 seconds 
========================================================================
Received Import Request.
  Time since last request: 0.000009 seconds.
  path: Assets/Audio/SFX/Bowser Die.wav
  artifactKey: Guid(63336d8f2602d4945b4c5e7f3f05d739) Importer(815301076,1909f56bfc062723c751e8b465ee728b)
Start importing Assets/Audio/SFX/Bowser Die.wav using Guid(63336d8f2602d4945b4c5e7f3f05d739) Importer(815301076,1909f56bfc062723c751e8b465ee728b)  -> (artifact id: '4f9ee591902bdd0c557791bae200085e') in 0.005772 seconds 
========================================================================
Received Import Request.
  Time since last request: 0.000009 seconds.
  path: Assets/Audio/SFX/Coin.wav
  artifactKey: Guid(a790d0432f2e11a4f9663f55ea910540) Importer(815301076,1909f56bfc062723c751e8b465ee728b)
Start importing Assets/Audio/SFX/Coin.wav using Guid(a790d0432f2e11a4f9663f55ea910540) Importer(815301076,1909f56bfc062723c751e8b465ee728b)  -> (artifact id: '71bc7fe32ce796c0cfeb0cf69b201669') in 0.005382 seconds 
========================================================================
Received Import Request.
  Time since last request: 1013.076445 seconds.
  path: ProjectSettings/TagManager.asset
  artifactKey: Guid(00000000000000003000000000000000) Importer(815301076,1909f56bfc062723c751e8b465ee728b)
Start importing ProjectSettings/TagManager.asset using Guid(00000000000000003000000000000000) Importer(815301076,1909f56bfc062723c751e8b465ee728b)  -> (artifact id: 'f0fc0310cc9e716ef98abe9bde844ced') in 0.003459 seconds 
========================================================================
Received Import Request.
  Time since last request: 76.228951 seconds.
  path: Assets/Sprites
  artifactKey: Guid(1918fa2e04fdc24479e83943bb4c1293) Importer(815301076,1909f56bfc062723c751e8b465ee728b)
Start importing Assets/Sprites using Guid(1918fa2e04fdc24479e83943bb4c1293) Importer(815301076,1909f56bfc062723c751e8b465ee728b)  -> (artifact id: '3e9afaf839110c06ef2620b9a33c5e8a') in 0.001318 seconds 
========================================================================
Received Import Request.
  Time since last request: 2.997748 seconds.
  path: Assets/Scrips
  artifactKey: Guid(09c525d4152478142b5875d50230604c) Importer(815301076,1909f56bfc062723c751e8b465ee728b)
Start importing Assets/Scrips using Guid(09c525d4152478142b5875d50230604c) Importer(815301076,1909f56bfc062723c751e8b465ee728b)  -> (artifact id: '84b6b2805c926948e8d656a5d8ad155a') in 0.001375 seconds 
========================================================================
Received Import Request.
  Time since last request: 19.724810 seconds.
  path: Assets/Scrips/FinishFlag.cs
  artifactKey: Guid(8c052d44cf0e26b4288f9d337999bb77) Importer(815301076,1909f56bfc062723c751e8b465ee728b)
Start importing Assets/Scrips/FinishFlag.cs using Guid(8c052d44cf0e26b4288f9d337999bb77) Importer(815301076,1909f56bfc062723c751e8b465ee728b)  -> (artifact id: 'f5fae6ccd550c88a1e7a217a48e79953') in 0.001497 seconds 
========================================================================
Received Prepare
Registering precompiled user dll's ...
Registered in 0.006061 seconds.
Begin MonoManager ReloadAssembly
Symbol file LoadedFromMemory doesn't match image E:\Documentos\GitHub\Super-Mario-2D\Library\PackageCache\com.unity.visualscripting@1.7.8\Editor\VisualScripting.Core\Dependencies\YamlDotNet\Unity.VisualScripting.YamlDotNet.dll
Symbol file LoadedFromMemory doesn't match image E:\Documentos\GitHub\Super-Mario-2D\Library\PackageCache\com.unity.visualscripting@1.7.8\Editor\VisualScripting.Core\Dependencies\DotNetZip\Unity.VisualScripting.IonicZip.dll
Native extension for WindowsStandalone target not found
Refreshing native plugins compatible for Editor in 0.77 ms, found 4 plugins.
Preloading 0 native plugins for Editor in 0.00 ms.
Mono: successfully reloaded assembly
- Completed reload, in  0.737 seconds
Domain Reload Profiling:
	ReloadAssembly (738ms)
		BeginReloadAssembly (117ms)
			ExecutionOrderSort (0ms)
			DisableScriptedObjects (5ms)
			BackupInstance (0ms)
			ReleaseScriptingObjects (0ms)
			CreateAndSetChildDomain (33ms)
		EndReloadAssembly (545ms)
			LoadAssemblies (80ms)
			RebuildTransferFunctionScriptingTraits (0ms)
			SetupTypeCache (155ms)
			ReleaseScriptCaches (1ms)
			RebuildScriptCaches (30ms)
			SetupLoadedEditorAssemblies (258ms)
				LogAssemblyErrors (0ms)
				InitializePlatformSupportModulesInManaged (10ms)
				SetLoadedEditorAssemblies (0ms)
				RefreshPlugins (1ms)
				BeforeProcessingInitializeOnLoad (58ms)
				ProcessInitializeOnLoadAttributes (149ms)
				ProcessInitializeOnLoadMethodAttributes (28ms)
				AfterProcessingInitializeOnLoad (11ms)
				EditorAssembliesLoaded (0ms)
			ExecutionOrderSort2 (0ms)
			AwakeInstancesAfterBackupRestoration (7ms)
Platform modules already initialized, skipping
Refreshing native plugins compatible for Editor in 1.95 ms, found 4 plugins.
Preloading 0 native plugins for Editor in 0.00 ms.
Unloading 4054 Unused Serialized files (Serialized files now loaded: 0)
Unloading 26 unused Assets / (24.6 KB). Loaded Objects now: 4652.
Memory consumption went from 155.1 MB to 155.1 MB.
Total: 2.998000 ms (FindLiveObjects: 0.287300 ms CreateObjectMapping: 0.193300 ms MarkObjects: 2.492800 ms  DeleteObjects: 0.023900 ms)

AssetImportParameters requested are different than current active one (requested -> active):
  custom:video-decoder-ogg-theora: a1e56fd34408186e4bbccfd4996cb3dc -> 
  custom:container-muxer-webm: aa71ff27fc2769a1b78a27578f13a17b -> 
  custom:container-demuxer-webm: 4f35f7cbe854078d1ac9338744f61a02 -> 
  custom:video-encoder-webm-vp8: eb34c28f22e8b96e1ab97ce403110664 -> 
  custom:audio-encoder-webm-vorbis: bf7c407c2cedff20999df2af8eb42d56 -> 
  custom:framework-win-MediaFoundation: 216162199b28c13a410421893ffa2e32 -> 
  custom:container-demuxer-ogg: 62fdf1f143b41e24485cea50d1cbac27 -> 
  custom:video-decoder-webm-vp8: 9c59270c3fd7afecdb556c50c9e8de78 -> 
  custom:audio-decoder-ogg-vorbis: bf7c407c2cedff20999df2af8eb42d56 -> 
========================================================================
Received Prepare
Registering precompiled user dll's ...
Registered in 0.006045 seconds.
Begin MonoManager ReloadAssembly
Symbol file LoadedFromMemory doesn't match image E:\Documentos\GitHub\Super-Mario-2D\Library\PackageCache\com.unity.visualscripting@1.7.8\Editor\VisualScripting.Core\Dependencies\YamlDotNet\Unity.VisualScripting.YamlDotNet.dll
Symbol file LoadedFromMemory doesn't match image E:\Documentos\GitHub\Super-Mario-2D\Library\PackageCache\com.unity.visualscripting@1.7.8\Editor\VisualScripting.Core\Dependencies\DotNetZip\Unity.VisualScripting.IonicZip.dll
Native extension for WindowsStandalone target not found
Refreshing native plugins compatible for Editor in 0.78 ms, found 4 plugins.
Preloading 0 native plugins for Editor in 0.00 ms.
Mono: successfully reloaded assembly
- Completed reload, in  0.737 seconds
Domain Reload Profiling:
	ReloadAssembly (738ms)
		BeginReloadAssembly (117ms)
			ExecutionOrderSort (0ms)
			DisableScriptedObjects (6ms)
			BackupInstance (0ms)
			ReleaseScriptingObjects (0ms)
			CreateAndSetChildDomain (33ms)
		EndReloadAssembly (545ms)
			LoadAssemblies (78ms)
			RebuildTransferFunctionScriptingTraits (0ms)
			SetupTypeCache (151ms)
			ReleaseScriptCaches (1ms)
			RebuildScriptCaches (29ms)
			SetupLoadedEditorAssemblies (261ms)
				LogAssemblyErrors (0ms)
				InitializePlatformSupportModulesInManaged (10ms)
				SetLoadedEditorAssemblies (0ms)
				RefreshPlugins (1ms)
				BeforeProcessingInitializeOnLoad (59ms)
				ProcessInitializeOnLoadAttributes (151ms)
				ProcessInitializeOnLoadMethodAttributes (28ms)
				AfterProcessingInitializeOnLoad (11ms)
				EditorAssembliesLoaded (0ms)
			ExecutionOrderSort2 (0ms)
			AwakeInstancesAfterBackupRestoration (7ms)
Platform modules already initialized, skipping
Refreshing native plugins compatible for Editor in 1.67 ms, found 4 plugins.
Preloading 0 native plugins for Editor in 0.00 ms.
Unloading 4054 Unused Serialized files (Serialized files now loaded: 0)
Unloading 25 unused Assets / (24.6 KB). Loaded Objects now: 4655.
Memory consumption went from 155.2 MB to 155.1 MB.
Total: 3.319700 ms (FindLiveObjects: 0.284100 ms CreateObjectMapping: 0.164400 ms MarkObjects: 2.856300 ms  DeleteObjects: 0.014200 ms)

AssetImportParameters requested are different than current active one (requested -> active):
  custom:video-decoder-ogg-theora: a1e56fd34408186e4bbccfd4996cb3dc -> 
  custom:container-muxer-webm: aa71ff27fc2769a1b78a27578f13a17b -> 
  custom:container-demuxer-webm: 4f35f7cbe854078d1ac9338744f61a02 -> 
  custom:video-encoder-webm-vp8: eb34c28f22e8b96e1ab97ce403110664 -> 
  custom:audio-encoder-webm-vorbis: bf7c407c2cedff20999df2af8eb42d56 -> 
  custom:framework-win-MediaFoundation: 216162199b28c13a410421893ffa2e32 -> 
  custom:container-demuxer-ogg: 62fdf1f143b41e24485cea50d1cbac27 -> 
  custom:video-decoder-webm-vp8: 9c59270c3fd7afecdb556c50c9e8de78 -> 
  custom:audio-decoder-ogg-vorbis: bf7c407c2cedff20999df2af8eb42d56 -> 
========================================================================
Received Prepare
Registering precompiled user dll's ...
Registered in 0.006002 seconds.
Begin MonoManager ReloadAssembly
Symbol file LoadedFromMemory doesn't match image E:\Documentos\GitHub\Super-Mario-2D\Library\PackageCache\com.unity.visualscripting@1.7.8\Editor\VisualScripting.Core\Dependencies\YamlDotNet\Unity.VisualScripting.YamlDotNet.dll
Symbol file LoadedFromMemory doesn't match image E:\Documentos\GitHub\Super-Mario-2D\Library\PackageCache\com.unity.visualscripting@1.7.8\Editor\VisualScripting.Core\Dependencies\DotNetZip\Unity.VisualScripting.IonicZip.dll
Native extension for WindowsStandalone target not found
Refreshing native plugins compatible for Editor in 0.79 ms, found 4 plugins.
Preloading 0 native plugins for Editor in 0.00 ms.
Mono: successfully reloaded assembly
- Completed reload, in  0.779 seconds
Domain Reload Profiling:
	ReloadAssembly (780ms)
		BeginReloadAssembly (117ms)
			ExecutionOrderSort (0ms)
			DisableScriptedObjects (6ms)
			BackupInstance (0ms)
			ReleaseScriptingObjects (0ms)
			CreateAndSetChildDomain (32ms)
		EndReloadAssembly (581ms)
			LoadAssemblies (81ms)
			RebuildTransferFunctionScriptingTraits (0ms)
			SetupTypeCache (161ms)
			ReleaseScriptCaches (1ms)
			RebuildScriptCaches (33ms)
			SetupLoadedEditorAssemblies (279ms)
				LogAssemblyErrors (0ms)
				InitializePlatformSupportModulesInManaged (11ms)
				SetLoadedEditorAssemblies (0ms)
				RefreshPlugins (1ms)
				BeforeProcessingInitializeOnLoad (61ms)
				ProcessInitializeOnLoadAttributes (162ms)
				ProcessInitializeOnLoadMethodAttributes (32ms)
				AfterProcessingInitializeOnLoad (12ms)
				EditorAssembliesLoaded (0ms)
			ExecutionOrderSort2 (0ms)
			AwakeInstancesAfterBackupRestoration (9ms)
Platform modules already initialized, skipping
Refreshing native plugins compatible for Editor in 1.88 ms, found 4 plugins.
Preloading 0 native plugins for Editor in 0.00 ms.
Unloading 4054 Unused Serialized files (Serialized files now loaded: 0)
Unloading 25 unused Assets / (24.6 KB). Loaded Objects now: 4658.
Memory consumption went from 155.2 MB to 155.1 MB.
Total: 3.154800 ms (FindLiveObjects: 0.330300 ms CreateObjectMapping: 0.138300 ms MarkObjects: 2.659500 ms  DeleteObjects: 0.026100 ms)

AssetImportParameters requested are different than current active one (requested -> active):
  custom:video-decoder-ogg-theora: a1e56fd34408186e4bbccfd4996cb3dc -> 
  custom:container-muxer-webm: aa71ff27fc2769a1b78a27578f13a17b -> 
  custom:container-demuxer-webm: 4f35f7cbe854078d1ac9338744f61a02 -> 
  custom:video-encoder-webm-vp8: eb34c28f22e8b96e1ab97ce403110664 -> 
  custom:audio-encoder-webm-vorbis: bf7c407c2cedff20999df2af8eb42d56 -> 
  custom:framework-win-MediaFoundation: 216162199b28c13a410421893ffa2e32 -> 
  custom:container-demuxer-ogg: 62fdf1f143b41e24485cea50d1cbac27 -> 
  custom:video-decoder-webm-vp8: 9c59270c3fd7afecdb556c50c9e8de78 -> 
  custom:audio-decoder-ogg-vorbis: bf7c407c2cedff20999df2af8eb42d56 -> 
========================================================================
Received Prepare
Registering precompiled user dll's ...
Registered in 0.006052 seconds.
Begin MonoManager ReloadAssembly
Symbol file LoadedFromMemory doesn't match image E:\Documentos\GitHub\Super-Mario-2D\Library\PackageCache\com.unity.visualscripting@1.7.8\Editor\VisualScripting.Core\Dependencies\YamlDotNet\Unity.VisualScripting.YamlDotNet.dll
Symbol file LoadedFromMemory doesn't match image E:\Documentos\GitHub\Super-Mario-2D\Library\PackageCache\com.unity.visualscripting@1.7.8\Editor\VisualScripting.Core\Dependencies\DotNetZip\Unity.VisualScripting.IonicZip.dll
Native extension for WindowsStandalone target not found
Refreshing native plugins compatible for Editor in 0.79 ms, found 4 plugins.
Preloading 0 native plugins for Editor in 0.00 ms.
Mono: successfully reloaded assembly
- Completed reload, in  0.774 seconds
Domain Reload Profiling:
	ReloadAssembly (774ms)
		BeginReloadAssembly (119ms)
			ExecutionOrderSort (0ms)
			DisableScriptedObjects (6ms)
			BackupInstance (0ms)
			ReleaseScriptingObjects (0ms)
			CreateAndSetChildDomain (32ms)
		EndReloadAssembly (576ms)
			LoadAssemblies (81ms)
			RebuildTransferFunctionScriptingTraits (0ms)
			SetupTypeCache (163ms)
			ReleaseScriptCaches (1ms)
			RebuildScriptCaches (31ms)
			SetupLoadedEditorAssemblies (271ms)
				LogAssemblyErrors (0ms)
				InitializePlatformSupportModulesInManaged (11ms)
				SetLoadedEditorAssemblies (0ms)
				RefreshPlugins (1ms)
				BeforeProcessingInitializeOnLoad (61ms)
				ProcessInitializeOnLoadAttributes (157ms)
				ProcessInitializeOnLoadMethodAttributes (30ms)
				AfterProcessingInitializeOnLoad (12ms)
				EditorAssembliesLoaded (0ms)
			ExecutionOrderSort2 (0ms)
			AwakeInstancesAfterBackupRestoration (9ms)
Platform modules already initialized, skipping
Refreshing native plugins compatible for Editor in 1.85 ms, found 4 plugins.
Preloading 0 native plugins for Editor in 0.00 ms.
Unloading 4054 Unused Serialized files (Serialized files now loaded: 0)
Unloading 25 unused Assets / (24.6 KB). Loaded Objects now: 4661.
Memory consumption went from 155.2 MB to 155.1 MB.
Total: 3.340000 ms (FindLiveObjects: 0.288700 ms CreateObjectMapping: 0.169400 ms MarkObjects: 2.855900 ms  DeleteObjects: 0.025400 ms)

AssetImportParameters requested are different than current active one (requested -> active):
  custom:video-decoder-ogg-theora: a1e56fd34408186e4bbccfd4996cb3dc -> 
  custom:container-muxer-webm: aa71ff27fc2769a1b78a27578f13a17b -> 
  custom:container-demuxer-webm: 4f35f7cbe854078d1ac9338744f61a02 -> 
  custom:video-encoder-webm-vp8: eb34c28f22e8b96e1ab97ce403110664 -> 
  custom:audio-encoder-webm-vorbis: bf7c407c2cedff20999df2af8eb42d56 -> 
  custom:framework-win-MediaFoundation: 216162199b28c13a410421893ffa2e32 -> 
  custom:container-demuxer-ogg: 62fdf1f143b41e24485cea50d1cbac27 -> 
  custom:video-decoder-webm-vp8: 9c59270c3fd7afecdb556c50c9e8de78 -> 
  custom:audio-decoder-ogg-vorbis: bf7c407c2cedff20999df2af8eb42d56 -> 
